1638413350426	geckodriver	INFO	Listening on 127.0.0.1:55228
1638413350435	mozrunner::runner	INFO	Running command: "/Applications/Firefox.app/Contents/MacOS/firefox-bin" "--marionette" "-foreground" "-no-remote" "-profile" "/var/folders/kc/5vks2chj5jg_zq9fvglb01jr0000gp/T/rust_mozprofileIIcj7J"
console.error: SearchCache: "_readCacheFile: Error reading cache file:" (new Error("", "(unknown module)"))
1638413354024	Marionette	INFO	Listening on port 55241
1638413354123	Marionette	WARN	TLS certificate errors will be ignored for this session
JavaScript error: , line 0: TypeError: NetworkError when attempting to fetch resource.
1638413582941	geckodriver	INFO	Listening on 127.0.0.1:55844
1638413582949	mozrunner::runner	INFO	Running command: "/Applications/Firefox.app/Contents/MacOS/firefox-bin" "--marionette" "-foreground" "-no-remote" "-profile" "/var/folders/kc/5vks2chj5jg_zq9fvglb01jr0000gp/T/rust_mozprofileOsriqa"
console.error: SearchCache: "_readCacheFile: Error reading cache file:" (new Error("", "(unknown module)"))
1638413584736	Marionette	INFO	Listening on port 55853
1638413584794	Marionette	WARN	TLS certificate errors will be ignored for this session
1638413610298	geckodriver	INFO	Listening on 127.0.0.1:56102
1638413610306	mozrunner::runner	INFO	Running command: "/Applications/Firefox.app/Contents/MacOS/firefox-bin" "--marionette" "-foreground" "-no-remote" "-profile" "/var/folders/kc/5vks2chj5jg_zq9fvglb01jr0000gp/T/rust_mozprofileR0rWey"
console.error: SearchCache: "_readCacheFile: Error reading cache file:" (new Error("", "(unknown module)"))
1638413612230	Marionette	INFO	Listening on port 56111
1638413612262	Marionette	WARN	TLS certificate errors will be ignored for this session
JavaScript error: , line 0: TypeError: NetworkError when attempting to fetch resource.
JavaScript error: , line 0: TypeError: NetworkError when attempting to fetch resource.
JavaScript error: , line 0: TypeError: NetworkError when attempting to fetch resource.
1638413633607	geckodriver	INFO	Listening on 127.0.0.1:56257
1638413633614	mozrunner::runner	INFO	Running command: "/Applications/Firefox.app/Contents/MacOS/firefox-bin" "--marionette" "-foreground" "-no-remote" "-profile" "/var/folders/kc/5vks2chj5jg_zq9fvglb01jr0000gp/T/rust_mozprofilevnoNhb"
console.error: SearchCache: "_readCacheFile: Error reading cache file:" (new Error("", "(unknown module)"))
1638413635382	Marionette	INFO	Listening on port 56266
1638413635452	Marionette	WARN	TLS certificate errors will be ignored for this session
JavaScript error: , line 0: TypeError: NetworkError when attempting to fetch resource.
JavaScript error: , line 0: TypeError: NetworkError when attempting to fetch resource.
JavaScript error: https://s0.2mdn.net/sadbundle/17693585263773818538/Austrade_AgriBiz_Seafood_Japan_HTML5_300x250/libs/AdHelper.min.js, line 1: TypeError: this._stage is undefined
console.log: WebExtensions: reset-default-search: No addons in our list are installed.
JavaScript error: https://s0.2mdn.net/sadbundle/17693585263773818538/Austrade_AgriBiz_Seafood_Japan_HTML5_300x250/libs/AdHelper.min.js, line 1: TypeError: this.dispatchEvent is not a function
JavaScript error: https://s0.2mdn.net/sadbundle/17693585263773818538/Austrade_AgriBiz_Seafood_Japan_HTML5_300x250/libs/AdHelper.min.js, line 1: TypeError: this.dispatchEvent is not a function
JavaScript error: https://s0.2mdn.net/sadbundle/17693585263773818538/Austrade_AgriBiz_Seafood_Japan_HTML5_300x250/libs/AdHelper.min.js, line 1: TypeError: this.dispatchEvent is not a function
JavaScript error: https://s0.2mdn.net/sadbundle/17693585263773818538/Austrade_AgriBiz_Seafood_Japan_HTML5_300x250/libs/AdHelper.min.js, line 1: TypeError: this.dispatchEvent is not a function
JavaScript error: https://s0.2mdn.net/sadbundle/17693585263773818538/Austrade_AgriBiz_Seafood_Japan_HTML5_300x250/libs/AdHelper.min.js, line 1: TypeError: this.dispatchEvent is not a function
JavaScript error: https://s0.2mdn.net/sadbundle/17693585263773818538/Austrade_AgriBiz_Seafood_Japan_HTML5_300x250/libs/AdHelper.min.js, line 1: TypeError: this.dispatchEvent is not a function
JavaScript error: https://s0.2mdn.net/sadbundle/17693585263773818538/Austrade_AgriBiz_Seafood_Japan_HTML5_300x250/libs/AdHelper.min.js, line 1: TypeError: this.dispatchEvent is not a function
JavaScript error: https://s0.2mdn.net/sadbundle/17693585263773818538/Austrade_AgriBiz_Seafood_Japan_HTML5_300x250/libs/AdHelper.min.js, line 1: TypeError: this.dispatchEvent is not a function
JavaScript error: https://s0.2mdn.net/sadbundle/17693585263773818538/Austrade_AgriBiz_Seafood_Japan_HTML5_300x250/libs/AdHelper.min.js, line 1: TypeError: this.dispatchEvent is not a function
JavaScript error: https://s0.2mdn.net/sadbundle/17693585263773818538/Austrade_AgriBiz_Seafood_Japan_HTML5_300x250/libs/AdHelper.min.js, line 1: TypeError: this.dispatchEvent is not a function
JavaScript error: https://s0.2mdn.net/sadbundle/17693585263773818538/Austrade_AgriBiz_Seafood_Japan_HTML5_300x250/libs/AdHelper.min.js, line 1: TypeError: this.dispatchEvent is not a function
JavaScript error: https://s0.2mdn.net/sadbundle/17693585263773818538/Austrade_AgriBiz_Seafood_Japan_HTML5_300x250/libs/AdHelper.min.js, line 1: TypeError: this.dispatchEvent is not a function
JavaScript error: https://s0.2mdn.net/sadbundle/17693585263773818538/Austrade_AgriBiz_Seafood_Japan_HTML5_300x250/libs/AdHelper.min.js, line 1: TypeError: this.dispatchEvent is not a function
JavaScript error: https://s0.2mdn.net/sadbundle/17693585263773818538/Austrade_AgriBiz_Seafood_Japan_HTML5_300x250/libs/AdHelper.min.js, line 1: TypeError: this.dispatchEvent is not a function
JavaScript error: https://s0.2mdn.net/sadbundle/17693585263773818538/Austrade_AgriBiz_Seafood_Japan_HTML5_300x250/libs/AdHelper.min.js, line 1: TypeError: this.dispatchEvent is not a function
JavaScript error: https://s0.2mdn.net/sadbundle/17693585263773818538/Austrade_AgriBiz_Seafood_Japan_HTML5_300x250/libs/AdHelper.min.js, line 1: TypeError: this.dispatchEvent is not a function
JavaScript error: https://s0.2mdn.net/sadbundle/17693585263773818538/Austrade_AgriBiz_Seafood_Japan_HTML5_300x250/libs/AdHelper.min.js, line 1: TypeError: this.dispatchEvent is not a function
JavaScript error: https://s0.2mdn.net/sadbundle/17693585263773818538/Austrade_AgriBiz_Seafood_Japan_HTML5_300x250/libs/AdHelper.min.js, line 1: TypeError: this.dispatchEvent is not a function
JavaScript error: https://s0.2mdn.net/sadbundle/17693585263773818538/Austrade_AgriBiz_Seafood_Japan_HTML5_300x250/libs/AdHelper.min.js, line 1: TypeError: this.dispatchEvent is not a function
JavaScript error: https://s0.2mdn.net/sadbundle/17693585263773818538/Austrade_AgriBiz_Seafood_Japan_HTML5_300x250/libs/AdHelper.min.js, line 1: TypeError: this.dispatchEvent is not a function
JavaScript error: https://s0.2mdn.net/sadbundle/17693585263773818538/Austrade_AgriBiz_Seafood_Japan_HTML5_300x250/libs/AdHelper.min.js, line 1: TypeError: this.dispatchEvent is not a function
JavaScript error: https://s0.2mdn.net/sadbundle/17693585263773818538/Austrade_AgriBiz_Seafood_Japan_HTML5_300x250/libs/AdHelper.min.js, line 1: TypeError: this.dispatchEvent is not a function
JavaScript error: https://s0.2mdn.net/sadbundle/17693585263773818538/Austrade_AgriBiz_Seafood_Japan_HTML5_300x250/libs/AdHelper.min.js, line 1: TypeError: this.dispatchEvent is not a function
JavaScript error: https://s0.2mdn.net/sadbundle/17693585263773818538/Austrade_AgriBiz_Seafood_Japan_HTML5_300x250/libs/AdHelper.min.js, line 1: TypeError: this.dispatchEvent is not a function
JavaScript error: https://s0.2mdn.net/sadbundle/17693585263773818538/Austrade_AgriBiz_Seafood_Japan_HTML5_300x250/libs/AdHelper.min.js, line 1: TypeError: this.dispatchEvent is not a function
JavaScript error: https://s0.2mdn.net/sadbundle/17693585263773818538/Austrade_AgriBiz_Seafood_Japan_HTML5_300x250/libs/AdHelper.min.js, line 1: TypeError: this.dispatchEvent is not a function
JavaScript error: https://s0.2mdn.net/sadbundle/17693585263773818538/Austrade_AgriBiz_Seafood_Japan_HTML5_300x250/libs/AdHelper.min.js, line 1: TypeError: this.dispatchEvent is not a function
JavaScript error: https://s0.2mdn.net/sadbundle/17693585263773818538/Austrade_AgriBiz_Seafood_Japan_HTML5_300x250/libs/AdHelper.min.js, line 1: TypeError: this.dispatchEvent is not a function
JavaScript error: https://s0.2mdn.net/sadbundle/17693585263773818538/Austrade_AgriBiz_Seafood_Japan_HTML5_300x250/libs/AdHelper.min.js, line 1: TypeError: this.dispatchEvent is not a function
JavaScript error: https://s0.2mdn.net/sadbundle/17693585263773818538/Austrade_AgriBiz_Seafood_Japan_HTML5_300x250/libs/AdHelper.min.js, line 1: TypeError: this.dispatchEvent is not a function
JavaScript error: https://s0.2mdn.net/sadbundle/17693585263773818538/Austrade_AgriBiz_Seafood_Japan_HTML5_300x250/libs/AdHelper.min.js, line 1: TypeError: this.dispatchEvent is not a function
JavaScript error: https://s0.2mdn.net/sadbundle/17693585263773818538/Austrade_AgriBiz_Seafood_Japan_HTML5_300x250/libs/AdHelper.min.js, line 1: TypeError: this.dispatchEvent is not a function
JavaScript error: https://s0.2mdn.net/sadbundle/17693585263773818538/Austrade_AgriBiz_Seafood_Japan_HTML5_300x250/libs/AdHelper.min.js, line 1: TypeError: this.dispatchEvent is not a function
JavaScript error: https://s0.2mdn.net/sadbundle/17693585263773818538/Austrade_AgriBiz_Seafood_Japan_HTML5_300x250/libs/AdHelper.min.js, line 1: TypeError: this.dispatchEvent is not a function
JavaScript error: https://s0.2mdn.net/sadbundle/17693585263773818538/Austrade_AgriBiz_Seafood_Japan_HTML5_300x250/libs/AdHelper.min.js, line 1: TypeError: this.dispatchEvent is not a function
JavaScript error: https://s0.2mdn.net/sadbundle/17693585263773818538/Austrade_AgriBiz_Seafood_Japan_HTML5_300x250/libs/AdHelper.min.js, line 1: TypeError: this.dispatchEvent is not a function
JavaScript error: https://s0.2mdn.net/sadbundle/17693585263773818538/Austrade_AgriBiz_Seafood_Japan_HTML5_300x250/libs/AdHelper.min.js, line 1: TypeError: this.dispatchEvent is not a function
JavaScript error: https://s0.2mdn.net/sadbundle/17693585263773818538/Austrade_AgriBiz_Seafood_Japan_HTML5_300x250/libs/AdHelper.min.js, line 1: TypeError: this.dispatchEvent is not a function
JavaScript error: https://s0.2mdn.net/sadbundle/17693585263773818538/Austrade_AgriBiz_Seafood_Japan_HTML5_300x250/libs/AdHelper.min.js, line 1: TypeError: this.dispatchEvent is not a function
JavaScript error: https://s0.2mdn.net/sadbundle/17693585263773818538/Austrade_AgriBiz_Seafood_Japan_HTML5_300x250/libs/AdHelper.min.js, line 1: TypeError: this.dispatchEvent is not a function
JavaScript error: https://s0.2mdn.net/sadbundle/17693585263773818538/Austrade_AgriBiz_Seafood_Japan_HTML5_300x250/libs/AdHelper.min.js, line 1: TypeError: this.dispatchEvent is not a function
JavaScript error: https://s0.2mdn.net/sadbundle/17693585263773818538/Austrade_AgriBiz_Seafood_Japan_HTML5_300x250/libs/AdHelper.min.js, line 1: TypeError: this.dispatchEvent is not a function
JavaScript error: https://s0.2mdn.net/sadbundle/17693585263773818538/Austrade_AgriBiz_Seafood_Japan_HTML5_300x250/libs/AdHelper.min.js, line 1: TypeError: this.dispatchEvent is not a function
JavaScript error: https://s0.2mdn.net/sadbundle/17693585263773818538/Austrade_AgriBiz_Seafood_Japan_HTML5_300x250/libs/AdHelper.min.js, line 1: TypeError: this.dispatchEvent is not a function
JavaScript error: https://s0.2mdn.net/sadbundle/17693585263773818538/Austrade_AgriBiz_Seafood_Japan_HTML5_300x250/libs/AdHelper.min.js, line 1: TypeError: this.dispatchEvent is not a function
JavaScript error: https://s0.2mdn.net/sadbundle/17693585263773818538/Austrade_AgriBiz_Seafood_Japan_HTML5_300x250/libs/AdHelper.min.js, line 1: TypeError: this.dispatchEvent is not a function
JavaScript error: https://s0.2mdn.net/sadbundle/17693585263773818538/Austrade_AgriBiz_Seafood_Japan_HTML5_300x250/libs/AdHelper.min.js, line 1: TypeError: this.dispatchEvent is not a function
JavaScript error: https://s0.2mdn.net/sadbundle/17693585263773818538/Austrade_AgriBiz_Seafood_Japan_HTML5_300x250/libs/AdHelper.min.js, line 1: TypeError: this.dispatchEvent is not a function
JavaScript error: https://s0.2mdn.net/sadbundle/17693585263773818538/Austrade_AgriBiz_Seafood_Japan_HTML5_300x250/libs/AdHelper.min.js, line 1: TypeError: this.dispatchEvent is not a function
JavaScript error: https://s0.2mdn.net/sadbundle/17693585263773818538/Austrade_AgriBiz_Seafood_Japan_HTML5_300x250/libs/AdHelper.min.js, line 1: TypeError: this.dispatchEvent is not a function
JavaScript error: https://s0.2mdn.net/sadbundle/17693585263773818538/Austrade_AgriBiz_Seafood_Japan_HTML5_300x250/libs/AdHelper.min.js, line 1: TypeError: this.dispatchEvent is not a function
JavaScript error: https://s0.2mdn.net/sadbundle/17693585263773818538/Austrade_AgriBiz_Seafood_Japan_HTML5_300x250/libs/AdHelper.min.js, line 1: TypeError: this.dispatchEvent is not a function
JavaScript error: https://s0.2mdn.net/sadbundle/17693585263773818538/Austrade_AgriBiz_Seafood_Japan_HTML5_300x250/libs/AdHelper.min.js, line 1: TypeError: this.dispatchEvent is not a function
JavaScript error: https://s0.2mdn.net/sadbundle/17693585263773818538/Austrade_AgriBiz_Seafood_Japan_HTML5_300x250/libs/AdHelper.min.js, line 1: TypeError: this.dispatchEvent is not a function
JavaScript error: https://s0.2mdn.net/sadbundle/17693585263773818538/Austrade_AgriBiz_Seafood_Japan_HTML5_300x250/libs/AdHelper.min.js, line 1: TypeError: this.dispatchEvent is not a function
JavaScript error: https://s0.2mdn.net/sadbundle/17693585263773818538/Austrade_AgriBiz_Seafood_Japan_HTML5_300x250/libs/AdHelper.min.js, line 1: TypeError: this.dispatchEvent is not a function
JavaScript error: https://s0.2mdn.net/sadbundle/17693585263773818538/Austrade_AgriBiz_Seafood_Japan_HTML5_300x250/libs/AdHelper.min.js, line 1: TypeError: this.dispatchEvent is not a function
JavaScript error: https://s0.2mdn.net/sadbundle/17693585263773818538/Austrade_AgriBiz_Seafood_Japan_HTML5_300x250/libs/AdHelper.min.js, line 1: TypeError: this.dispatchEvent is not a function
JavaScript error: https://s0.2mdn.net/sadbundle/17693585263773818538/Austrade_AgriBiz_Seafood_Japan_HTML5_300x250/libs/AdHelper.min.js, line 1: TypeError: this.dispatchEvent is not a function
JavaScript error: https://s0.2mdn.net/sadbundle/17693585263773818538/Austrade_AgriBiz_Seafood_Japan_HTML5_300x250/libs/AdHelper.min.js, line 1: TypeError: this.dispatchEvent is not a function
JavaScript error: https://s0.2mdn.net/sadbundle/17693585263773818538/Austrade_AgriBiz_Seafood_Japan_HTML5_300x250/libs/AdHelper.min.js, line 1: TypeError: this.dispatchEvent is not a function
JavaScript error: https://s0.2mdn.net/sadbundle/17693585263773818538/Austrade_AgriBiz_Seafood_Japan_HTML5_300x250/libs/AdHelper.min.js, line 1: TypeError: this.dispatchEvent is not a function
JavaScript error: https://s0.2mdn.net/sadbundle/17693585263773818538/Austrade_AgriBiz_Seafood_Japan_HTML5_300x250/libs/AdHelper.min.js, line 1: TypeError: this.dispatchEvent is not a function
JavaScript error: https://s0.2mdn.net/sadbundle/17693585263773818538/Austrade_AgriBiz_Seafood_Japan_HTML5_300x250/libs/AdHelper.min.js, line 1: TypeError: this.dispatchEvent is not a function
JavaScript error: https://s0.2mdn.net/sadbundle/17693585263773818538/Austrade_AgriBiz_Seafood_Japan_HTML5_300x250/libs/AdHelper.min.js, line 1: TypeError: this.dispatchEvent is not a function
JavaScript error: https://s0.2mdn.net/sadbundle/17693585263773818538/Austrade_AgriBiz_Seafood_Japan_HTML5_300x250/libs/AdHelper.min.js, line 1: TypeError: this.dispatchEvent is not a function
JavaScript error: https://s0.2mdn.net/sadbundle/17693585263773818538/Austrade_AgriBiz_Seafood_Japan_HTML5_300x250/libs/AdHelper.min.js, line 1: TypeError: this.dispatchEvent is not a function
JavaScript error: https://s0.2mdn.net/sadbundle/17693585263773818538/Austrade_AgriBiz_Seafood_Japan_HTML5_300x250/libs/AdHelper.min.js, line 1: TypeError: this.dispatchEvent is not a function
JavaScript error: https://s0.2mdn.net/sadbundle/17693585263773818538/Austrade_AgriBiz_Seafood_Japan_HTML5_300x250/libs/AdHelper.min.js, line 1: TypeError: this.dispatchEvent is not a function
JavaScript error: , line 0: TypeError: NetworkError when attempting to fetch resource.
JavaScript error: , line 0: TypeError: NetworkError when attempting to fetch resource.
JavaScript error: , line 0: TypeError: NetworkError when attempting to fetch resource.
1638414197171	Marionette	INFO	Stopped listening on port 56266
console.log: WebExtensions: reset-default-search: No addons in our list are installed.
console.log: WebExtensions: reset-default-search: No addons in our list are installed.
